{"C:\\React\\monster\\src\\App.js": {"path":"C:\\React\\monster\\src\\App.js","statementMap":{"0":{"start":{"line":8,"column":34},"end":{"line":8,"column":46}},"1":{"start":{"line":9,"column":42},"end":{"line":9,"column":55}},"2":{"start":{"line":11,"column":23},"end":{"line":15,"column":4}},"3":{"start":{"line":12,"column":4},"end":{"line":14,"column":50}},"4":{"start":{"line":16,"column":2},"end":{"line":22,"column":9}},"5":{"start":{"line":19,"column":4},"end":{"line":21,"column":43}},"6":{"start":{"line":20,"column":26},"end":{"line":20,"column":41}},"7":{"start":{"line":21,"column":23},"end":{"line":21,"column":41}},"8":{"start":{"line":26,"column":2},"end":{"line":33,"column":4}}},"fnMap":{"0":{"name":"App","decl":{"start":{"line":6,"column":9},"end":{"line":6,"column":12}},"loc":{"start":{"line":6,"column":15},"end":{"line":34,"column":1}},"line":6},"1":{"name":"(anonymous_1)","decl":{"start":{"line":11,"column":39},"end":{"line":11,"column":40}},"loc":{"start":{"line":11,"column":52},"end":{"line":15,"column":3}},"line":11},"2":{"name":"(anonymous_2)","decl":{"start":{"line":16,"column":12},"end":{"line":16,"column":13}},"loc":{"start":{"line":16,"column":18},"end":{"line":22,"column":3}},"line":16},"3":{"name":"(anonymous_3)","decl":{"start":{"line":20,"column":12},"end":{"line":20,"column":13}},"loc":{"start":{"line":20,"column":26},"end":{"line":20,"column":41}},"line":20},"4":{"name":"(anonymous_4)","decl":{"start":{"line":21,"column":12},"end":{"line":21,"column":13}},"loc":{"start":{"line":21,"column":23},"end":{"line":21,"column":41}},"line":21}},"branchMap":{},"s":{"0":0,"1":0,"2":0,"3":0,"4":0,"5":0,"6":0,"7":0,"8":0},"f":{"0":0,"1":0,"2":0,"3":0,"4":0},"b":{}}
,"C:\\React\\monster\\src\\components\\card-list\\MonsterCard.jsx": {"path":"C:\\React\\monster\\src\\components\\card-list\\MonsterCard.jsx","statementMap":{"0":{"start":{"line":3,"column":20},"end":{"line":19,"column":1}},"1":{"start":{"line":4,"column":2},"end":{"line":18,"column":8}},"2":{"start":{"line":6,"column":6},"end":{"line":16,"column":8}}},"fnMap":{"0":{"name":"(anonymous_0)","decl":{"start":{"line":3,"column":20},"end":{"line":3,"column":21}},"loc":{"start":{"line":4,"column":2},"end":{"line":18,"column":8}},"line":4},"1":{"name":"(anonymous_1)","decl":{"start":{"line":5,"column":23},"end":{"line":5,"column":24}},"loc":{"start":{"line":5,"column":36},"end":{"line":17,"column":5}},"line":5}},"branchMap":{},"s":{"0":1,"1":1,"2":2},"f":{"0":1,"1":2},"b":{},"_coverageSchema":"1a1c01bbd47fc00a2c39e90264f33305004495a9","hash":"d4e4f849ecea03a63d7186960b02a77f79466f3f"}
,"C:\\React\\monster\\src\\components\\card-list\\SearchBox.jsx": {"path":"C:\\React\\monster\\src\\components\\card-list\\SearchBox.jsx","statementMap":{"0":{"start":{"line":3,"column":18},"end":{"line":22,"column":1}},"1":{"start":{"line":5,"column":25},"end":{"line":7,"column":5}},"2":{"start":{"line":6,"column":6},"end":{"line":6,"column":62}},"3":{"start":{"line":9,"column":4},"end":{"line":20,"column":6}}},"fnMap":{"0":{"name":"(anonymous_0)","decl":{"start":{"line":3,"column":18},"end":{"line":3,"column":19}},"loc":{"start":{"line":3,"column":29},"end":{"line":22,"column":1}},"line":3},"1":{"name":"(anonymous_1)","decl":{"start":{"line":5,"column":25},"end":{"line":5,"column":26}},"loc":{"start":{"line":5,"column":36},"end":{"line":7,"column":5}},"line":5}},"branchMap":{},"s":{"0":1,"1":1,"2":0,"3":1},"f":{"0":1,"1":0},"b":{},"_coverageSchema":"1a1c01bbd47fc00a2c39e90264f33305004495a9","hash":"39129619e7f764579f006269bd97f6f1bf81ecbd"}
}
