TN:
SF:src\App.js
FN:6,App
FN:11,(anonymous_1)
FN:16,(anonymous_2)
FN:20,(anonymous_3)
FN:21,(anonymous_4)
FNF:5
FNH:0
FNDA:0,App
FNDA:0,(anonymous_1)
FNDA:0,(anonymous_2)
FNDA:0,(anonymous_3)
FNDA:0,(anonymous_4)
DA:8,0
DA:9,0
DA:11,0
DA:12,0
DA:16,0
DA:19,0
DA:20,0
DA:21,0
DA:26,0
LF:9
LH:0
BRF:0
BRH:0
end_of_record
TN:
SF:src\components\card-list\MonsterCard.jsx
FN:3,(anonymous_0)
FN:5,(anonymous_1)
FNF:2
FNH:2
FNDA:1,(anonymous_0)
FNDA:2,(anonymous_1)
DA:3,1
DA:4,1
DA:6,2
LF:3
LH:3
BRF:0
BRH:0
end_of_record
TN:
SF:src\components\card-list\SearchBox.jsx
FN:3,(anonymous_0)
FN:5,(anonymous_1)
FNF:2
FNH:1
FNDA:1,(anonymous_0)
FNDA:0,(anonymous_1)
DA:3,1
DA:5,1
DA:6,0
DA:9,1
LF:4
LH:3
BRF:0
BRH:0
end_of_record
